2025-10-30 13:36:49 [INFO] org.hibernate.Version - HHH000412: Hibernate ORM core version 6.2.4.Final
2025-10-30 13:36:49 [INFO] org.hibernate.cfg.Environment - HHH000406: Using bytecode reflection optimizer
2025-10-30 13:36:50 [WARN] o.hibernate.orm.connections.pooling - HHH10001002: Using built-in connection pool (not intended for production use)
2025-10-30 13:36:50 [INFO] o.hibernate.orm.connections.pooling - HHH10001005: Loaded JDBC driver class: org.postgresql.Driver
2025-10-30 13:36:50 [INFO] o.hibernate.orm.connections.pooling - HHH10001012: Connecting with JDBC URL [jdbc:postgresql://localhost:5432/exam_fall_2025]
2025-10-30 13:36:50 [INFO] o.hibernate.orm.connections.pooling - HHH10001001: Connection properties: {password=****, user=postgres}
2025-10-30 13:36:50 [INFO] o.hibernate.orm.connections.pooling - HHH10001003: Autocommit mode: false
2025-10-30 13:36:50 [INFO] o.hibernate.orm.connections.pooling - HHH10001115: Connection pool size: 20 (min=1)
2025-10-30 13:36:51 [INFO] o.h.b.i.BytecodeProviderInitiator - HHH000021: Bytecode provider name : bytebuddy
2025-10-30 13:37:18 [INFO] org.hibernate.Version - HHH000412: Hibernate ORM core version 6.2.4.Final
2025-10-30 13:37:18 [INFO] org.hibernate.cfg.Environment - HHH000406: Using bytecode reflection optimizer
2025-10-30 13:37:18 [WARN] o.hibernate.orm.connections.pooling - HHH10001002: Using built-in connection pool (not intended for production use)
2025-10-30 13:37:18 [INFO] o.hibernate.orm.connections.pooling - HHH10001005: Loaded JDBC driver class: org.postgresql.Driver
2025-10-30 13:37:18 [INFO] o.hibernate.orm.connections.pooling - HHH10001012: Connecting with JDBC URL [jdbc:postgresql://localhost:5432/exam_fall_2025]
2025-10-30 13:37:18 [INFO] o.hibernate.orm.connections.pooling - HHH10001001: Connection properties: {password=****, user=postgres}
2025-10-30 13:37:18 [INFO] o.hibernate.orm.connections.pooling - HHH10001003: Autocommit mode: false
2025-10-30 13:37:18 [INFO] o.hibernate.orm.connections.pooling - HHH10001115: Connection pool size: 20 (min=1)
2025-10-30 13:37:19 [INFO] o.h.b.i.BytecodeProviderInitiator - HHH000021: Bytecode provider name : bytebuddy
2025-10-30 13:39:05 [INFO] org.hibernate.Version - HHH000412: Hibernate ORM core version 6.2.4.Final
2025-10-30 13:39:05 [INFO] org.hibernate.cfg.Environment - HHH000406: Using bytecode reflection optimizer
2025-10-30 13:39:05 [WARN] o.hibernate.orm.connections.pooling - HHH10001002: Using built-in connection pool (not intended for production use)
2025-10-30 13:39:05 [INFO] o.hibernate.orm.connections.pooling - HHH10001005: Loaded JDBC driver class: org.postgresql.Driver
2025-10-30 13:39:05 [INFO] o.hibernate.orm.connections.pooling - HHH10001012: Connecting with JDBC URL [jdbc:postgresql://localhost:5432/exam_fall_2025]
2025-10-30 13:39:05 [INFO] o.hibernate.orm.connections.pooling - HHH10001001: Connection properties: {password=****, user=postgres}
2025-10-30 13:39:05 [INFO] o.hibernate.orm.connections.pooling - HHH10001003: Autocommit mode: false
2025-10-30 13:39:05 [INFO] o.hibernate.orm.connections.pooling - HHH10001115: Connection pool size: 20 (min=1)
2025-10-30 13:39:07 [INFO] o.h.b.i.BytecodeProviderInitiator - HHH000021: Bytecode provider name : bytebuddy
2025-10-30 13:39:09 [INFO] o.hibernate.orm.connections.access - HHH10001501: Connection obtained from JdbcConnectionAccess [org.hibernate.engine.jdbc.env.internal.JdbcEnvironmentInitiator$ConnectionProviderJdbcConnectionAccess@636985df] for (non-JTA) DDL execution was not in auto-commit mode; the Connection 'local transaction' will be committed and the Connection will be set into auto-commit mode.
2025-10-30 13:39:09 [WARN] o.h.e.jdbc.spi.SqlExceptionHelper - SQL Warning Code: 0, SQLState: 00000
2025-10-30 13:39:09 [WARN] o.h.e.jdbc.spi.SqlExceptionHelper - relation "user_roles" does not exist, skipping
2025-10-30 13:39:09 [WARN] o.h.e.jdbc.spi.SqlExceptionHelper - SQL Warning Code: 0, SQLState: 00000
2025-10-30 13:39:09 [WARN] o.h.e.jdbc.spi.SqlExceptionHelper - relation "user_roles" does not exist, skipping
2025-10-30 13:39:09 [WARN] o.h.e.jdbc.spi.SqlExceptionHelper - SQL Warning Code: 0, SQLState: 00000
2025-10-30 13:39:09 [WARN] o.h.e.jdbc.spi.SqlExceptionHelper - table "roles" does not exist, skipping
2025-10-30 13:39:09 [WARN] o.h.e.jdbc.spi.SqlExceptionHelper - SQL Warning Code: 0, SQLState: 00000
2025-10-30 13:39:09 [WARN] o.h.e.jdbc.spi.SqlExceptionHelper - table "user_roles" does not exist, skipping
2025-10-30 13:39:09 [WARN] o.h.e.jdbc.spi.SqlExceptionHelper - SQL Warning Code: 0, SQLState: 00000
2025-10-30 13:39:09 [WARN] o.h.e.jdbc.spi.SqlExceptionHelper - table "users" does not exist, skipping
2025-10-30 13:39:09 [INFO] o.hibernate.orm.connections.access - HHH10001501: Connection obtained from JdbcConnectionAccess [org.hibernate.engine.jdbc.env.internal.JdbcEnvironmentInitiator$ConnectionProviderJdbcConnectionAccess@7b9088f2] for (non-JTA) DDL execution was not in auto-commit mode; the Connection 'local transaction' will be committed and the Connection will be set into auto-commit mode.
2025-10-30 13:41:10 [INFO] org.hibernate.Version - HHH000412: Hibernate ORM core version 6.2.4.Final
2025-10-30 13:41:10 [INFO] org.hibernate.cfg.Environment - HHH000406: Using bytecode reflection optimizer
2025-10-30 13:41:11 [WARN] o.hibernate.orm.connections.pooling - HHH10001002: Using built-in connection pool (not intended for production use)
2025-10-30 13:41:11 [INFO] o.hibernate.orm.connections.pooling - HHH10001005: Loaded JDBC driver class: org.postgresql.Driver
2025-10-30 13:41:11 [INFO] o.hibernate.orm.connections.pooling - HHH10001012: Connecting with JDBC URL [jdbc:postgresql://localhost:5432/exam_fall_2025]
2025-10-30 13:41:11 [INFO] o.hibernate.orm.connections.pooling - HHH10001001: Connection properties: {password=****, user=postgres}
2025-10-30 13:41:11 [INFO] o.hibernate.orm.connections.pooling - HHH10001003: Autocommit mode: false
2025-10-30 13:41:11 [INFO] o.hibernate.orm.connections.pooling - HHH10001115: Connection pool size: 20 (min=1)
2025-10-30 13:41:12 [INFO] o.h.b.i.BytecodeProviderInitiator - HHH000021: Bytecode provider name : bytebuddy
2025-10-30 13:41:13 [INFO] o.hibernate.orm.connections.access - HHH10001501: Connection obtained from JdbcConnectionAccess [org.hibernate.engine.jdbc.env.internal.JdbcEnvironmentInitiator$ConnectionProviderJdbcConnectionAccess@636985df] for (non-JTA) DDL execution was not in auto-commit mode; the Connection 'local transaction' will be committed and the Connection will be set into auto-commit mode.
2025-10-30 13:41:13 [INFO] o.hibernate.orm.connections.access - HHH10001501: Connection obtained from JdbcConnectionAccess [org.hibernate.engine.jdbc.env.internal.JdbcEnvironmentInitiator$ConnectionProviderJdbcConnectionAccess@22791b75] for (non-JTA) DDL execution was not in auto-commit mode; the Connection 'local transaction' will be committed and the Connection will be set into auto-commit mode.
2025-10-30 13:41:17 [INFO] org.hibernate.Version - HHH000412: Hibernate ORM core version 6.2.4.Final
2025-10-30 13:41:17 [INFO] org.hibernate.cfg.Environment - HHH000406: Using bytecode reflection optimizer
2025-10-30 13:41:18 [WARN] o.hibernate.orm.connections.pooling - HHH10001002: Using built-in connection pool (not intended for production use)
2025-10-30 13:41:18 [INFO] o.hibernate.orm.connections.pooling - HHH10001005: Loaded JDBC driver class: org.postgresql.Driver
2025-10-30 13:41:18 [INFO] o.hibernate.orm.connections.pooling - HHH10001012: Connecting with JDBC URL [jdbc:postgresql://localhost:5432/exam_fall_2025]
2025-10-30 13:41:18 [INFO] o.hibernate.orm.connections.pooling - HHH10001001: Connection properties: {password=****, user=postgres}
2025-10-30 13:41:18 [INFO] o.hibernate.orm.connections.pooling - HHH10001003: Autocommit mode: false
2025-10-30 13:41:18 [INFO] o.hibernate.orm.connections.pooling - HHH10001115: Connection pool size: 20 (min=1)
2025-10-30 13:41:19 [INFO] o.h.b.i.BytecodeProviderInitiator - HHH000021: Bytecode provider name : bytebuddy
2025-10-30 13:41:20 [INFO] o.hibernate.orm.connections.access - HHH10001501: Connection obtained from JdbcConnectionAccess [org.hibernate.engine.jdbc.env.internal.JdbcEnvironmentInitiator$ConnectionProviderJdbcConnectionAccess@8641b7d] for (non-JTA) DDL execution was not in auto-commit mode; the Connection 'local transaction' will be committed and the Connection will be set into auto-commit mode.
2025-10-30 13:41:20 [INFO] o.hibernate.orm.connections.access - HHH10001501: Connection obtained from JdbcConnectionAccess [org.hibernate.engine.jdbc.env.internal.JdbcEnvironmentInitiator$ConnectionProviderJdbcConnectionAccess@6d294ddc] for (non-JTA) DDL execution was not in auto-commit mode; the Connection 'local transaction' will be committed and the Connection will be set into auto-commit mode.
2025-10-30 13:41:21 [INFO] io.javalin.Javalin - JAVALIN HANDLER REGISTRATION DEBUG LOG: POST[/api/v1/auth/login]
2025-10-30 13:41:21 [INFO] io.javalin.Javalin - JAVALIN HANDLER REGISTRATION DEBUG LOG: POST[/api/v1/auth/register]
2025-10-30 13:41:21 [INFO] io.javalin.Javalin - JAVALIN HANDLER REGISTRATION DEBUG LOG: GET[/api/v1/auth/healthcheck]
2025-10-30 13:41:21 [INFO] io.javalin.Javalin - JAVALIN HANDLER REGISTRATION DEBUG LOG: GET[/api/v1/protected/user_demo]
2025-10-30 13:41:21 [INFO] io.javalin.Javalin - JAVALIN HANDLER REGISTRATION DEBUG LOG: GET[/api/v1/protected/admin_demo]
2025-10-30 13:41:21 [INFO] io.javalin.Javalin - JAVALIN HANDLER REGISTRATION DEBUG LOG: GET[/api/v1/routes]
2025-10-30 13:41:21 [INFO] io.javalin.Javalin - JAVALIN HANDLER REGISTRATION DEBUG LOG: BEFORE_MATCHED[*]
2025-10-30 13:41:21 [INFO] io.javalin.Javalin - JAVALIN HANDLER REGISTRATION DEBUG LOG: BEFORE_MATCHED[*]
2025-10-30 13:41:21 [INFO] io.javalin.Javalin - JAVALIN HANDLER REGISTRATION DEBUG LOG: BEFORE[*]
2025-10-30 13:41:21 [INFO] io.javalin.Javalin - JAVALIN HANDLER REGISTRATION DEBUG LOG: OPTIONS[/api/v1/*]
2025-10-30 13:41:21 [INFO] io.javalin.Javalin - JAVALIN HANDLER REGISTRATION DEBUG LOG: BEFORE_MATCHED[*]
2025-10-30 13:41:21 [INFO] io.javalin.Javalin - JAVALIN HANDLER REGISTRATION DEBUG LOG: BEFORE_MATCHED[*]
2025-10-30 13:41:21 [INFO] io.javalin.Javalin - JAVALIN HANDLER REGISTRATION DEBUG LOG: BEFORE[*]
2025-10-30 13:41:21 [INFO] io.javalin.Javalin - Starting Javalin ...
2025-10-30 13:41:21 [INFO] org.eclipse.jetty.server.Server - jetty-11.0.24; built: 2024-08-26T18:11:22.448Z; git: 5dfc59a691b748796f922208956bd1f2794bcd16; jvm 17.0.16+8-LTS
2025-10-30 13:41:21 [INFO] o.e.j.s.s.DefaultSessionIdManager - Session workerName=node0
2025-10-30 13:41:21 [INFO] o.e.j.server.handler.ContextHandler - Started o.e.j.s.ServletContextHandler@6736f40f{/api/v1,null,AVAILABLE}
2025-10-30 13:41:21 [INFO] o.e.jetty.server.AbstractConnector - Started ServerConnector@1f179f51{HTTP/1.1, (http/1.1)}{0.0.0.0:7070}
2025-10-30 13:41:21 [INFO] org.eclipse.jetty.server.Server - Started Server@1fcaea93{STARTING}[11.0.24,sto=0] @4556ms
2025-10-30 13:41:21 [INFO] io.javalin.Javalin - Javalin started in 349ms \o/
2025-10-30 13:41:21 [INFO] io.javalin.Javalin - Static file handler added: StaticFileConfig(hostedPath=/, directory=/public, location=CLASSPATH, precompress=false, aliasCheck=null, headers={Cache-Control=max-age=0}, skipFileFunction=Function1<jakarta.servlet.http.HttpServletRequest, java.lang.Boolean>, mimeTypes={}). File system location: 'file:///C:/Users/phils/Datamatiker/3.Semester/Backend/Eksamen/EksamenFall2025/ExamFall2025/Javalin-API-Templete/target/classes/public/'
2025-10-30 13:41:21 [INFO] io.javalin.Javalin - Listening on http://localhost:7070/api/v1
2025-10-30 13:41:21 [INFO] io.javalin.Javalin - You are running Javalin 6.4.0 (released December 17, 2024. Your Javalin version is 316 days old. Consider checking for a newer version.).
2025-10-30 13:41:39 [ERROR] app.config.ApplicationConfig - An exception occurred
app.exceptions.ValidationException: No user logged in
	at app.security.SecurityController.lambda$login$0(SecurityController.java:51)
	at io.javalin.router.Endpoint.handle(Endpoint.kt:52)
	at io.javalin.router.ParsedEndpoint.handle(ParsedEndpoint.kt:15)
	at io.javalin.http.servlet.DefaultTasks.HTTP$lambda$9$lambda$7$lambda$6(DefaultTasks.kt:52)
	at io.javalin.http.servlet.JavalinServlet.handleTask(JavalinServlet.kt:99)
	at io.javalin.http.servlet.JavalinServlet.handleSync(JavalinServlet.kt:64)
	at io.javalin.http.servlet.JavalinServlet.handle(JavalinServlet.kt:50)
	at io.javalin.http.servlet.JavalinServlet.service(JavalinServlet.kt:30)
	at jakarta.servlet.http.HttpServlet.service(HttpServlet.java:587)
	at io.javalin.jetty.JavalinJettyServlet.service(JavalinJettyServlet.kt:52)
	at jakarta.servlet.http.HttpServlet.service(HttpServlet.java:587)
	at org.eclipse.jetty.servlet.ServletHolder.handle(ServletHolder.java:764)
	at org.eclipse.jetty.servlet.ServletHandler.doHandle(ServletHandler.java:529)
	at org.eclipse.jetty.server.handler.ScopedHandler.nextHandle(ScopedHandler.java:221)
	at org.eclipse.jetty.server.session.SessionHandler.doHandle(SessionHandler.java:1580)
	at org.eclipse.jetty.server.handler.ScopedHandler.nextHandle(ScopedHandler.java:221)
	at org.eclipse.jetty.server.handler.ContextHandler.doHandle(ContextHandler.java:1381)
	at org.eclipse.jetty.server.handler.ScopedHandler.nextScope(ScopedHandler.java:176)
	at org.eclipse.jetty.servlet.ServletHandler.doScope(ServletHandler.java:484)
	at org.eclipse.jetty.server.session.SessionHandler.doScope(SessionHandler.java:1553)
	at org.eclipse.jetty.server.handler.ScopedHandler.nextScope(ScopedHandler.java:174)
	at org.eclipse.jetty.server.handler.ContextHandler.doScope(ContextHandler.java:1303)
	at org.eclipse.jetty.server.handler.ScopedHandler.handle(ScopedHandler.java:129)
	at org.eclipse.jetty.server.handler.StatisticsHandler.handle(StatisticsHandler.java:173)
	at org.eclipse.jetty.server.handler.HandlerWrapper.handle(HandlerWrapper.java:122)
	at org.eclipse.jetty.server.Server.handle(Server.java:563)
	at org.eclipse.jetty.server.HttpChannel$RequestDispatchable.dispatch(HttpChannel.java:1598)
	at org.eclipse.jetty.server.HttpChannel.dispatch(HttpChannel.java:753)
	at org.eclipse.jetty.server.HttpChannel.handle(HttpChannel.java:501)
	at org.eclipse.jetty.server.HttpConnection.onFillable(HttpConnection.java:287)
	at org.eclipse.jetty.io.AbstractConnection$ReadCallback.succeeded(AbstractConnection.java:314)
	at org.eclipse.jetty.io.FillInterest.fillable(FillInterest.java:100)
	at org.eclipse.jetty.io.SelectableChannelEndPoint$1.run(SelectableChannelEndPoint.java:53)
	at org.eclipse.jetty.util.thread.QueuedThreadPool.runJob(QueuedThreadPool.java:969)
	at org.eclipse.jetty.util.thread.QueuedThreadPool$Runner.doRunJob(QueuedThreadPool.java:1194)
	at org.eclipse.jetty.util.thread.QueuedThreadPool$Runner.run(QueuedThreadPool.java:1149)
	at java.base/java.lang.Thread.run(Thread.java:840)
2025-10-30 13:41:39 [INFO] io.javalin.Javalin - JAVALIN REQUEST DEBUG LOG:
Request: POST [/api/v1/auth/login/]
    Matching endpoint-handlers: java.util.stream.ReferencePipeline$3@b12bb8a
    Headers: {Accept=*/*, User-Agent=IntelliJ HTTP Client/IntelliJ IDEA 2025.2.4, Host=localhost:7070, Accept-Encoding=br, deflate, gzip, x-gzip, Content-Length=53, Content-Type=application/json}
    Cookies: {}
    Body: {
  "username": "Philip",
  "password": "pass12345"
}
    QueryString: null
    QueryParams: {}
    FormParams: {}
Response: [500 Server Error], execution took 213.10 ms
    Headers: {Access-Control-Allow-Origin=*, Access-Control-Allow-Methods=GET, POST, PUT, PATCH, DELETE, OPTIONS, Access-Control-Allow-Credentials=true, Date=Thu, 30 Oct 2025 12:41:39 GMT, Access-Control-Allow-Headers=Content-Type, Authorization, Content-Type=application/json}
    Body is 44 bytes (starts on next line):
    {"status":500,"msg":"Internal server error"}
----------------------------------------------------------------------------------
2025-10-30 13:41:42 [ERROR] app.config.ApplicationConfig - An exception occurred
app.exceptions.ValidationException: No user logged in
	at app.security.SecurityController.lambda$login$0(SecurityController.java:51)
	at io.javalin.router.Endpoint.handle(Endpoint.kt:52)
	at io.javalin.router.ParsedEndpoint.handle(ParsedEndpoint.kt:15)
	at io.javalin.http.servlet.DefaultTasks.HTTP$lambda$9$lambda$7$lambda$6(DefaultTasks.kt:52)
	at io.javalin.http.servlet.JavalinServlet.handleTask(JavalinServlet.kt:99)
	at io.javalin.http.servlet.JavalinServlet.handleSync(JavalinServlet.kt:64)
	at io.javalin.http.servlet.JavalinServlet.handle(JavalinServlet.kt:50)
	at io.javalin.http.servlet.JavalinServlet.service(JavalinServlet.kt:30)
	at jakarta.servlet.http.HttpServlet.service(HttpServlet.java:587)
	at io.javalin.jetty.JavalinJettyServlet.service(JavalinJettyServlet.kt:52)
	at jakarta.servlet.http.HttpServlet.service(HttpServlet.java:587)
	at org.eclipse.jetty.servlet.ServletHolder.handle(ServletHolder.java:764)
	at org.eclipse.jetty.servlet.ServletHandler.doHandle(ServletHandler.java:529)
	at org.eclipse.jetty.server.handler.ScopedHandler.nextHandle(ScopedHandler.java:221)
	at org.eclipse.jetty.server.session.SessionHandler.doHandle(SessionHandler.java:1580)
	at org.eclipse.jetty.server.handler.ScopedHandler.nextHandle(ScopedHandler.java:221)
	at org.eclipse.jetty.server.handler.ContextHandler.doHandle(ContextHandler.java:1381)
	at org.eclipse.jetty.server.handler.ScopedHandler.nextScope(ScopedHandler.java:176)
	at org.eclipse.jetty.servlet.ServletHandler.doScope(ServletHandler.java:484)
	at org.eclipse.jetty.server.session.SessionHandler.doScope(SessionHandler.java:1553)
	at org.eclipse.jetty.server.handler.ScopedHandler.nextScope(ScopedHandler.java:174)
	at org.eclipse.jetty.server.handler.ContextHandler.doScope(ContextHandler.java:1303)
	at org.eclipse.jetty.server.handler.ScopedHandler.handle(ScopedHandler.java:129)
	at org.eclipse.jetty.server.handler.StatisticsHandler.handle(StatisticsHandler.java:173)
	at org.eclipse.jetty.server.handler.HandlerWrapper.handle(HandlerWrapper.java:122)
	at org.eclipse.jetty.server.Server.handle(Server.java:563)
	at org.eclipse.jetty.server.HttpChannel$RequestDispatchable.dispatch(HttpChannel.java:1598)
	at org.eclipse.jetty.server.HttpChannel.dispatch(HttpChannel.java:753)
	at org.eclipse.jetty.server.HttpChannel.handle(HttpChannel.java:501)
	at org.eclipse.jetty.server.HttpConnection.onFillable(HttpConnection.java:287)
	at org.eclipse.jetty.io.AbstractConnection$ReadCallback.succeeded(AbstractConnection.java:314)
	at org.eclipse.jetty.io.FillInterest.fillable(FillInterest.java:100)
	at org.eclipse.jetty.io.SelectableChannelEndPoint$1.run(SelectableChannelEndPoint.java:53)
	at org.eclipse.jetty.util.thread.strategy.AdaptiveExecutionStrategy.runTask(AdaptiveExecutionStrategy.java:421)
	at org.eclipse.jetty.util.thread.strategy.AdaptiveExecutionStrategy.consumeTask(AdaptiveExecutionStrategy.java:390)
	at org.eclipse.jetty.util.thread.strategy.AdaptiveExecutionStrategy.tryProduce(AdaptiveExecutionStrategy.java:277)
	at org.eclipse.jetty.util.thread.strategy.AdaptiveExecutionStrategy.produce(AdaptiveExecutionStrategy.java:193)
	at org.eclipse.jetty.util.thread.QueuedThreadPool.runJob(QueuedThreadPool.java:969)
	at org.eclipse.jetty.util.thread.QueuedThreadPool$Runner.doRunJob(QueuedThreadPool.java:1194)
	at org.eclipse.jetty.util.thread.QueuedThreadPool$Runner.run(QueuedThreadPool.java:1149)
	at java.base/java.lang.Thread.run(Thread.java:840)
2025-10-30 13:41:43 [INFO] io.javalin.Javalin - JAVALIN REQUEST DEBUG LOG:
Request: POST [/api/v1/auth/login/]
    Matching endpoint-handlers: java.util.stream.ReferencePipeline$3@2b4085fb
    Headers: {Accept=*/*, User-Agent=IntelliJ HTTP Client/IntelliJ IDEA 2025.2.4, Host=localhost:7070, Accept-Encoding=br, deflate, gzip, x-gzip, Content-Length=58, Content-Type=application/json}
    Cookies: {}
    Body: {
  "username": "PhilipAdmin",
  "password": "pass12345"
}
    QueryString: null
    QueryParams: {}
    FormParams: {}
Response: [500 Server Error], execution took 6.86 ms
    Headers: {Access-Control-Allow-Origin=*, Access-Control-Allow-Methods=GET, POST, PUT, PATCH, DELETE, OPTIONS, Access-Control-Allow-Credentials=true, Date=Thu, 30 Oct 2025 12:41:42 GMT, Access-Control-Allow-Headers=Content-Type, Authorization, Content-Type=application/json}
    Body is 44 bytes (starts on next line):
    {"status":500,"msg":"Internal server error"}
----------------------------------------------------------------------------------
2025-10-30 13:42:09 [INFO] org.hibernate.Version - HHH000412: Hibernate ORM core version 6.2.4.Final
2025-10-30 13:42:09 [INFO] org.hibernate.cfg.Environment - HHH000406: Using bytecode reflection optimizer
2025-10-30 13:42:10 [WARN] o.hibernate.orm.connections.pooling - HHH10001002: Using built-in connection pool (not intended for production use)
2025-10-30 13:42:10 [INFO] o.hibernate.orm.connections.pooling - HHH10001005: Loaded JDBC driver class: org.postgresql.Driver
2025-10-30 13:42:10 [INFO] o.hibernate.orm.connections.pooling - HHH10001012: Connecting with JDBC URL [jdbc:postgresql://localhost:5432/exam_fall_2025]
2025-10-30 13:42:10 [INFO] o.hibernate.orm.connections.pooling - HHH10001001: Connection properties: {password=****, user=postgres}
2025-10-30 13:42:10 [INFO] o.hibernate.orm.connections.pooling - HHH10001003: Autocommit mode: false
2025-10-30 13:42:10 [INFO] o.hibernate.orm.connections.pooling - HHH10001115: Connection pool size: 20 (min=1)
2025-10-30 13:42:11 [INFO] o.h.b.i.BytecodeProviderInitiator - HHH000021: Bytecode provider name : bytebuddy
2025-10-30 13:42:12 [INFO] o.hibernate.orm.connections.access - HHH10001501: Connection obtained from JdbcConnectionAccess [org.hibernate.engine.jdbc.env.internal.JdbcEnvironmentInitiator$ConnectionProviderJdbcConnectionAccess@636985df] for (non-JTA) DDL execution was not in auto-commit mode; the Connection 'local transaction' will be committed and the Connection will be set into auto-commit mode.
2025-10-30 13:42:12 [INFO] o.hibernate.orm.connections.access - HHH10001501: Connection obtained from JdbcConnectionAccess [org.hibernate.engine.jdbc.env.internal.JdbcEnvironmentInitiator$ConnectionProviderJdbcConnectionAccess@22791b75] for (non-JTA) DDL execution was not in auto-commit mode; the Connection 'local transaction' will be committed and the Connection will be set into auto-commit mode.
2025-10-30 13:42:21 [INFO] org.hibernate.Version - HHH000412: Hibernate ORM core version 6.2.4.Final
2025-10-30 13:42:21 [INFO] org.hibernate.cfg.Environment - HHH000406: Using bytecode reflection optimizer
2025-10-30 13:42:22 [WARN] o.hibernate.orm.connections.pooling - HHH10001002: Using built-in connection pool (not intended for production use)
2025-10-30 13:42:22 [INFO] o.hibernate.orm.connections.pooling - HHH10001005: Loaded JDBC driver class: org.postgresql.Driver
2025-10-30 13:42:22 [INFO] o.hibernate.orm.connections.pooling - HHH10001012: Connecting with JDBC URL [jdbc:postgresql://localhost:5432/exam_fall_2025]
2025-10-30 13:42:22 [INFO] o.hibernate.orm.connections.pooling - HHH10001001: Connection properties: {password=****, user=postgres}
2025-10-30 13:42:22 [INFO] o.hibernate.orm.connections.pooling - HHH10001003: Autocommit mode: false
2025-10-30 13:42:22 [INFO] o.hibernate.orm.connections.pooling - HHH10001115: Connection pool size: 20 (min=1)
2025-10-30 13:42:23 [INFO] o.h.b.i.BytecodeProviderInitiator - HHH000021: Bytecode provider name : bytebuddy
2025-10-30 13:42:24 [INFO] o.hibernate.orm.connections.access - HHH10001501: Connection obtained from JdbcConnectionAccess [org.hibernate.engine.jdbc.env.internal.JdbcEnvironmentInitiator$ConnectionProviderJdbcConnectionAccess@703fa45] for (non-JTA) DDL execution was not in auto-commit mode; the Connection 'local transaction' will be committed and the Connection will be set into auto-commit mode.
2025-10-30 13:42:24 [INFO] io.javalin.Javalin - JAVALIN HANDLER REGISTRATION DEBUG LOG: POST[/api/v1/auth/login]
2025-10-30 13:42:24 [INFO] io.javalin.Javalin - JAVALIN HANDLER REGISTRATION DEBUG LOG: POST[/api/v1/auth/register]
2025-10-30 13:42:24 [INFO] io.javalin.Javalin - JAVALIN HANDLER REGISTRATION DEBUG LOG: GET[/api/v1/auth/healthcheck]
2025-10-30 13:42:24 [INFO] io.javalin.Javalin - JAVALIN HANDLER REGISTRATION DEBUG LOG: GET[/api/v1/protected/user_demo]
2025-10-30 13:42:24 [INFO] io.javalin.Javalin - JAVALIN HANDLER REGISTRATION DEBUG LOG: GET[/api/v1/protected/admin_demo]
2025-10-30 13:42:24 [INFO] io.javalin.Javalin - JAVALIN HANDLER REGISTRATION DEBUG LOG: GET[/api/v1/routes]
2025-10-30 13:42:24 [INFO] io.javalin.Javalin - JAVALIN HANDLER REGISTRATION DEBUG LOG: BEFORE_MATCHED[*]
2025-10-30 13:42:24 [INFO] io.javalin.Javalin - JAVALIN HANDLER REGISTRATION DEBUG LOG: BEFORE_MATCHED[*]
2025-10-30 13:42:24 [INFO] io.javalin.Javalin - JAVALIN HANDLER REGISTRATION DEBUG LOG: BEFORE[*]
2025-10-30 13:42:24 [INFO] io.javalin.Javalin - JAVALIN HANDLER REGISTRATION DEBUG LOG: OPTIONS[/api/v1/*]
2025-10-30 13:42:24 [INFO] io.javalin.Javalin - JAVALIN HANDLER REGISTRATION DEBUG LOG: BEFORE_MATCHED[*]
2025-10-30 13:42:24 [INFO] io.javalin.Javalin - JAVALIN HANDLER REGISTRATION DEBUG LOG: BEFORE_MATCHED[*]
2025-10-30 13:42:24 [INFO] io.javalin.Javalin - JAVALIN HANDLER REGISTRATION DEBUG LOG: BEFORE[*]
2025-10-30 13:42:24 [INFO] io.javalin.Javalin - Starting Javalin ...
2025-10-30 13:42:24 [INFO] org.eclipse.jetty.server.Server - jetty-11.0.24; built: 2024-08-26T18:11:22.448Z; git: 5dfc59a691b748796f922208956bd1f2794bcd16; jvm 17.0.16+8-LTS
2025-10-30 13:42:24 [INFO] o.e.j.s.s.DefaultSessionIdManager - Session workerName=node0
2025-10-30 13:42:24 [INFO] o.e.j.server.handler.ContextHandler - Started o.e.j.s.ServletContextHandler@149d7cc6{/api/v1,null,AVAILABLE}
2025-10-30 13:42:24 [INFO] o.e.jetty.server.AbstractConnector - Started ServerConnector@59e082f8{HTTP/1.1, (http/1.1)}{0.0.0.0:7070}
2025-10-30 13:42:24 [INFO] org.eclipse.jetty.server.Server - Started Server@44384b4a{STARTING}[11.0.24,sto=0] @4250ms
2025-10-30 13:42:24 [INFO] io.javalin.Javalin - Javalin started in 289ms \o/
2025-10-30 13:42:25 [INFO] io.javalin.Javalin - Static file handler added: StaticFileConfig(hostedPath=/, directory=/public, location=CLASSPATH, precompress=false, aliasCheck=null, headers={Cache-Control=max-age=0}, skipFileFunction=Function1<jakarta.servlet.http.HttpServletRequest, java.lang.Boolean>, mimeTypes={}). File system location: 'file:///C:/Users/phils/Datamatiker/3.Semester/Backend/Eksamen/EksamenFall2025/ExamFall2025/Javalin-API-Templete/target/classes/public/'
2025-10-30 13:42:25 [INFO] io.javalin.Javalin - Listening on http://localhost:7070/api/v1
2025-10-30 13:42:25 [INFO] io.javalin.Javalin - You are running Javalin 6.4.0 (released December 17, 2024. Your Javalin version is 316 days old. Consider checking for a newer version.).
2025-10-30 13:42:27 [ERROR] app.config.ApplicationConfig - An exception occurred
app.exceptions.ValidationException: No user logged in
	at app.security.SecurityController.lambda$login$0(SecurityController.java:51)
	at io.javalin.router.Endpoint.handle(Endpoint.kt:52)
	at io.javalin.router.ParsedEndpoint.handle(ParsedEndpoint.kt:15)
	at io.javalin.http.servlet.DefaultTasks.HTTP$lambda$9$lambda$7$lambda$6(DefaultTasks.kt:52)
	at io.javalin.http.servlet.JavalinServlet.handleTask(JavalinServlet.kt:99)
	at io.javalin.http.servlet.JavalinServlet.handleSync(JavalinServlet.kt:64)
	at io.javalin.http.servlet.JavalinServlet.handle(JavalinServlet.kt:50)
	at io.javalin.http.servlet.JavalinServlet.service(JavalinServlet.kt:30)
	at jakarta.servlet.http.HttpServlet.service(HttpServlet.java:587)
	at io.javalin.jetty.JavalinJettyServlet.service(JavalinJettyServlet.kt:52)
	at jakarta.servlet.http.HttpServlet.service(HttpServlet.java:587)
	at org.eclipse.jetty.servlet.ServletHolder.handle(ServletHolder.java:764)
	at org.eclipse.jetty.servlet.ServletHandler.doHandle(ServletHandler.java:529)
	at org.eclipse.jetty.server.handler.ScopedHandler.nextHandle(ScopedHandler.java:221)
	at org.eclipse.jetty.server.session.SessionHandler.doHandle(SessionHandler.java:1580)
	at org.eclipse.jetty.server.handler.ScopedHandler.nextHandle(ScopedHandler.java:221)
	at org.eclipse.jetty.server.handler.ContextHandler.doHandle(ContextHandler.java:1381)
	at org.eclipse.jetty.server.handler.ScopedHandler.nextScope(ScopedHandler.java:176)
	at org.eclipse.jetty.servlet.ServletHandler.doScope(ServletHandler.java:484)
	at org.eclipse.jetty.server.session.SessionHandler.doScope(SessionHandler.java:1553)
	at org.eclipse.jetty.server.handler.ScopedHandler.nextScope(ScopedHandler.java:174)
	at org.eclipse.jetty.server.handler.ContextHandler.doScope(ContextHandler.java:1303)
	at org.eclipse.jetty.server.handler.ScopedHandler.handle(ScopedHandler.java:129)
	at org.eclipse.jetty.server.handler.StatisticsHandler.handle(StatisticsHandler.java:173)
	at org.eclipse.jetty.server.handler.HandlerWrapper.handle(HandlerWrapper.java:122)
	at org.eclipse.jetty.server.Server.handle(Server.java:563)
	at org.eclipse.jetty.server.HttpChannel$RequestDispatchable.dispatch(HttpChannel.java:1598)
	at org.eclipse.jetty.server.HttpChannel.dispatch(HttpChannel.java:753)
	at org.eclipse.jetty.server.HttpChannel.handle(HttpChannel.java:501)
	at org.eclipse.jetty.server.HttpConnection.onFillable(HttpConnection.java:287)
	at org.eclipse.jetty.io.AbstractConnection$ReadCallback.succeeded(AbstractConnection.java:314)
	at org.eclipse.jetty.io.FillInterest.fillable(FillInterest.java:100)
	at org.eclipse.jetty.io.SelectableChannelEndPoint$1.run(SelectableChannelEndPoint.java:53)
	at org.eclipse.jetty.util.thread.QueuedThreadPool.runJob(QueuedThreadPool.java:969)
	at org.eclipse.jetty.util.thread.QueuedThreadPool$Runner.doRunJob(QueuedThreadPool.java:1194)
	at org.eclipse.jetty.util.thread.QueuedThreadPool$Runner.run(QueuedThreadPool.java:1149)
	at java.base/java.lang.Thread.run(Thread.java:840)
2025-10-30 13:42:27 [INFO] io.javalin.Javalin - JAVALIN REQUEST DEBUG LOG:
Request: POST [/api/v1/auth/login/]
    Matching endpoint-handlers: java.util.stream.ReferencePipeline$3@1499917f
    Headers: {Accept=*/*, User-Agent=IntelliJ HTTP Client/IntelliJ IDEA 2025.2.4, Host=localhost:7070, Accept-Encoding=br, deflate, gzip, x-gzip, Content-Length=53, Content-Type=application/json}
    Cookies: {}
    Body: {
  "username": "Philip",
  "password": "pass12345"
}
    QueryString: null
    QueryParams: {}
    FormParams: {}
Response: [500 Server Error], execution took 154.30 ms
    Headers: {Access-Control-Allow-Origin=*, Access-Control-Allow-Methods=GET, POST, PUT, PATCH, DELETE, OPTIONS, Access-Control-Allow-Credentials=true, Date=Thu, 30 Oct 2025 12:42:27 GMT, Access-Control-Allow-Headers=Content-Type, Authorization, Content-Type=application/json}
    Body is 44 bytes (starts on next line):
    {"status":500,"msg":"Internal server error"}
----------------------------------------------------------------------------------
2025-10-30 13:42:32 [ERROR] app.config.ApplicationConfig - An exception occurred
app.exceptions.ValidationException: No user logged in
	at app.security.SecurityController.lambda$login$0(SecurityController.java:51)
	at io.javalin.router.Endpoint.handle(Endpoint.kt:52)
	at io.javalin.router.ParsedEndpoint.handle(ParsedEndpoint.kt:15)
	at io.javalin.http.servlet.DefaultTasks.HTTP$lambda$9$lambda$7$lambda$6(DefaultTasks.kt:52)
	at io.javalin.http.servlet.JavalinServlet.handleTask(JavalinServlet.kt:99)
	at io.javalin.http.servlet.JavalinServlet.handleSync(JavalinServlet.kt:64)
	at io.javalin.http.servlet.JavalinServlet.handle(JavalinServlet.kt:50)
	at io.javalin.http.servlet.JavalinServlet.service(JavalinServlet.kt:30)
	at jakarta.servlet.http.HttpServlet.service(HttpServlet.java:587)
	at io.javalin.jetty.JavalinJettyServlet.service(JavalinJettyServlet.kt:52)
	at jakarta.servlet.http.HttpServlet.service(HttpServlet.java:587)
	at org.eclipse.jetty.servlet.ServletHolder.handle(ServletHolder.java:764)
	at org.eclipse.jetty.servlet.ServletHandler.doHandle(ServletHandler.java:529)
	at org.eclipse.jetty.server.handler.ScopedHandler.nextHandle(ScopedHandler.java:221)
	at org.eclipse.jetty.server.session.SessionHandler.doHandle(SessionHandler.java:1580)
	at org.eclipse.jetty.server.handler.ScopedHandler.nextHandle(ScopedHandler.java:221)
	at org.eclipse.jetty.server.handler.ContextHandler.doHandle(ContextHandler.java:1381)
	at org.eclipse.jetty.server.handler.ScopedHandler.nextScope(ScopedHandler.java:176)
	at org.eclipse.jetty.servlet.ServletHandler.doScope(ServletHandler.java:484)
	at org.eclipse.jetty.server.session.SessionHandler.doScope(SessionHandler.java:1553)
	at org.eclipse.jetty.server.handler.ScopedHandler.nextScope(ScopedHandler.java:174)
	at org.eclipse.jetty.server.handler.ContextHandler.doScope(ContextHandler.java:1303)
	at org.eclipse.jetty.server.handler.ScopedHandler.handle(ScopedHandler.java:129)
	at org.eclipse.jetty.server.handler.StatisticsHandler.handle(StatisticsHandler.java:173)
	at org.eclipse.jetty.server.handler.HandlerWrapper.handle(HandlerWrapper.java:122)
	at org.eclipse.jetty.server.Server.handle(Server.java:563)
	at org.eclipse.jetty.server.HttpChannel$RequestDispatchable.dispatch(HttpChannel.java:1598)
	at org.eclipse.jetty.server.HttpChannel.dispatch(HttpChannel.java:753)
	at org.eclipse.jetty.server.HttpChannel.handle(HttpChannel.java:501)
	at org.eclipse.jetty.server.HttpConnection.onFillable(HttpConnection.java:287)
	at org.eclipse.jetty.io.AbstractConnection$ReadCallback.succeeded(AbstractConnection.java:314)
	at org.eclipse.jetty.io.FillInterest.fillable(FillInterest.java:100)
	at org.eclipse.jetty.io.SelectableChannelEndPoint$1.run(SelectableChannelEndPoint.java:53)
	at org.eclipse.jetty.util.thread.strategy.AdaptiveExecutionStrategy.runTask(AdaptiveExecutionStrategy.java:421)
	at org.eclipse.jetty.util.thread.strategy.AdaptiveExecutionStrategy.consumeTask(AdaptiveExecutionStrategy.java:390)
	at org.eclipse.jetty.util.thread.strategy.AdaptiveExecutionStrategy.tryProduce(AdaptiveExecutionStrategy.java:277)
	at org.eclipse.jetty.util.thread.strategy.AdaptiveExecutionStrategy.produce(AdaptiveExecutionStrategy.java:193)
	at org.eclipse.jetty.util.thread.QueuedThreadPool.runJob(QueuedThreadPool.java:969)
	at org.eclipse.jetty.util.thread.QueuedThreadPool$Runner.doRunJob(QueuedThreadPool.java:1194)
	at org.eclipse.jetty.util.thread.QueuedThreadPool$Runner.run(QueuedThreadPool.java:1149)
	at java.base/java.lang.Thread.run(Thread.java:840)
2025-10-30 13:42:32 [INFO] io.javalin.Javalin - JAVALIN REQUEST DEBUG LOG:
Request: POST [/api/v1/auth/login/]
    Matching endpoint-handlers: java.util.stream.ReferencePipeline$3@54077da1
    Headers: {Accept=*/*, User-Agent=IntelliJ HTTP Client/IntelliJ IDEA 2025.2.4, Host=localhost:7070, Accept-Encoding=br, deflate, gzip, x-gzip, Content-Length=58, Content-Type=application/json}
    Cookies: {}
    Body: {
  "username": "PhilipAdmin",
  "password": "pass12345"
}
    QueryString: null
    QueryParams: {}
    FormParams: {}
Response: [500 Server Error], execution took 5.78 ms
    Headers: {Access-Control-Allow-Origin=*, Access-Control-Allow-Methods=GET, POST, PUT, PATCH, DELETE, OPTIONS, Access-Control-Allow-Credentials=true, Date=Thu, 30 Oct 2025 12:42:32 GMT, Access-Control-Allow-Headers=Content-Type, Authorization, Content-Type=application/json}
    Body is 44 bytes (starts on next line):
    {"status":500,"msg":"Internal server error"}
----------------------------------------------------------------------------------
2025-10-30 13:43:43 [INFO] org.hibernate.Version - HHH000412: Hibernate ORM core version 6.2.4.Final
2025-10-30 13:43:43 [INFO] org.hibernate.cfg.Environment - HHH000406: Using bytecode reflection optimizer
2025-10-30 13:43:43 [WARN] o.hibernate.orm.connections.pooling - HHH10001002: Using built-in connection pool (not intended for production use)
2025-10-30 13:43:43 [INFO] o.hibernate.orm.connections.pooling - HHH10001005: Loaded JDBC driver class: org.postgresql.Driver
2025-10-30 13:43:43 [INFO] o.hibernate.orm.connections.pooling - HHH10001012: Connecting with JDBC URL [jdbc:postgresql://localhost:5432/exam_fall_2025]
2025-10-30 13:43:43 [INFO] o.hibernate.orm.connections.pooling - HHH10001001: Connection properties: {password=****, user=postgres}
2025-10-30 13:43:43 [INFO] o.hibernate.orm.connections.pooling - HHH10001003: Autocommit mode: false
2025-10-30 13:43:43 [INFO] o.hibernate.orm.connections.pooling - HHH10001115: Connection pool size: 20 (min=1)
2025-10-30 13:43:44 [INFO] o.h.b.i.BytecodeProviderInitiator - HHH000021: Bytecode provider name : bytebuddy
2025-10-30 13:43:45 [INFO] o.hibernate.orm.connections.access - HHH10001501: Connection obtained from JdbcConnectionAccess [org.hibernate.engine.jdbc.env.internal.JdbcEnvironmentInitiator$ConnectionProviderJdbcConnectionAccess@636985df] for (non-JTA) DDL execution was not in auto-commit mode; the Connection 'local transaction' will be committed and the Connection will be set into auto-commit mode.
2025-10-30 13:43:45 [INFO] o.hibernate.orm.connections.access - HHH10001501: Connection obtained from JdbcConnectionAccess [org.hibernate.engine.jdbc.env.internal.JdbcEnvironmentInitiator$ConnectionProviderJdbcConnectionAccess@22791b75] for (non-JTA) DDL execution was not in auto-commit mode; the Connection 'local transaction' will be committed and the Connection will be set into auto-commit mode.
2025-10-30 13:43:56 [INFO] org.hibernate.Version - HHH000412: Hibernate ORM core version 6.2.4.Final
2025-10-30 13:43:56 [INFO] org.hibernate.cfg.Environment - HHH000406: Using bytecode reflection optimizer
2025-10-30 13:43:56 [WARN] o.hibernate.orm.connections.pooling - HHH10001002: Using built-in connection pool (not intended for production use)
2025-10-30 13:43:56 [INFO] o.hibernate.orm.connections.pooling - HHH10001005: Loaded JDBC driver class: org.postgresql.Driver
2025-10-30 13:43:56 [INFO] o.hibernate.orm.connections.pooling - HHH10001012: Connecting with JDBC URL [jdbc:postgresql://localhost:5432/exam_fall_2025]
2025-10-30 13:43:56 [INFO] o.hibernate.orm.connections.pooling - HHH10001001: Connection properties: {password=****, user=postgres}
2025-10-30 13:43:56 [INFO] o.hibernate.orm.connections.pooling - HHH10001003: Autocommit mode: false
2025-10-30 13:43:56 [INFO] o.hibernate.orm.connections.pooling - HHH10001115: Connection pool size: 20 (min=1)
2025-10-30 13:43:57 [INFO] o.h.b.i.BytecodeProviderInitiator - HHH000021: Bytecode provider name : bytebuddy
2025-10-30 13:43:59 [INFO] o.hibernate.orm.connections.access - HHH10001501: Connection obtained from JdbcConnectionAccess [org.hibernate.engine.jdbc.env.internal.JdbcEnvironmentInitiator$ConnectionProviderJdbcConnectionAccess@10b8b900] for (non-JTA) DDL execution was not in auto-commit mode; the Connection 'local transaction' will be committed and the Connection will be set into auto-commit mode.
2025-10-30 13:43:59 [INFO] io.javalin.Javalin - JAVALIN HANDLER REGISTRATION DEBUG LOG: POST[/api/v1/auth/login]
2025-10-30 13:43:59 [INFO] io.javalin.Javalin - JAVALIN HANDLER REGISTRATION DEBUG LOG: POST[/api/v1/auth/register]
2025-10-30 13:43:59 [INFO] io.javalin.Javalin - JAVALIN HANDLER REGISTRATION DEBUG LOG: GET[/api/v1/auth/healthcheck]
2025-10-30 13:43:59 [INFO] io.javalin.Javalin - JAVALIN HANDLER REGISTRATION DEBUG LOG: GET[/api/v1/protected/user_demo]
2025-10-30 13:43:59 [INFO] io.javalin.Javalin - JAVALIN HANDLER REGISTRATION DEBUG LOG: GET[/api/v1/protected/admin_demo]
2025-10-30 13:43:59 [INFO] io.javalin.Javalin - JAVALIN HANDLER REGISTRATION DEBUG LOG: GET[/api/v1/routes]
2025-10-30 13:43:59 [INFO] io.javalin.Javalin - JAVALIN HANDLER REGISTRATION DEBUG LOG: BEFORE_MATCHED[*]
2025-10-30 13:43:59 [INFO] io.javalin.Javalin - JAVALIN HANDLER REGISTRATION DEBUG LOG: BEFORE_MATCHED[*]
2025-10-30 13:43:59 [INFO] io.javalin.Javalin - JAVALIN HANDLER REGISTRATION DEBUG LOG: BEFORE[*]
2025-10-30 13:43:59 [INFO] io.javalin.Javalin - JAVALIN HANDLER REGISTRATION DEBUG LOG: OPTIONS[/api/v1/*]
2025-10-30 13:43:59 [INFO] io.javalin.Javalin - JAVALIN HANDLER REGISTRATION DEBUG LOG: BEFORE_MATCHED[*]
2025-10-30 13:43:59 [INFO] io.javalin.Javalin - JAVALIN HANDLER REGISTRATION DEBUG LOG: BEFORE_MATCHED[*]
2025-10-30 13:43:59 [INFO] io.javalin.Javalin - JAVALIN HANDLER REGISTRATION DEBUG LOG: BEFORE[*]
2025-10-30 13:43:59 [INFO] io.javalin.Javalin - Starting Javalin ...
2025-10-30 13:43:59 [INFO] org.eclipse.jetty.server.Server - jetty-11.0.24; built: 2024-08-26T18:11:22.448Z; git: 5dfc59a691b748796f922208956bd1f2794bcd16; jvm 17.0.16+8-LTS
2025-10-30 13:43:59 [INFO] o.e.j.s.s.DefaultSessionIdManager - Session workerName=node0
2025-10-30 13:43:59 [INFO] o.e.j.server.handler.ContextHandler - Started o.e.j.s.ServletContextHandler@ee2ae9a{/api/v1,null,AVAILABLE}
2025-10-30 13:43:59 [INFO] o.e.jetty.server.AbstractConnector - Started ServerConnector@1c00d406{HTTP/1.1, (http/1.1)}{0.0.0.0:7070}
2025-10-30 13:43:59 [INFO] org.eclipse.jetty.server.Server - Started Server@85ab964{STARTING}[11.0.24,sto=0] @4399ms
2025-10-30 13:43:59 [INFO] io.javalin.Javalin - Javalin started in 412ms \o/
2025-10-30 13:44:00 [INFO] io.javalin.Javalin - Static file handler added: StaticFileConfig(hostedPath=/, directory=/public, location=CLASSPATH, precompress=false, aliasCheck=null, headers={Cache-Control=max-age=0}, skipFileFunction=Function1<jakarta.servlet.http.HttpServletRequest, java.lang.Boolean>, mimeTypes={}). File system location: 'file:///C:/Users/phils/Datamatiker/3.Semester/Backend/Eksamen/EksamenFall2025/ExamFall2025/Javalin-API-Templete/target/classes/public/'
2025-10-30 13:44:00 [INFO] io.javalin.Javalin - Listening on http://localhost:7070/api/v1
2025-10-30 13:44:00 [INFO] io.javalin.Javalin - You are running Javalin 6.4.0 (released December 17, 2024. Your Javalin version is 316 days old. Consider checking for a newer version.).
2025-10-30 13:44:01 [INFO] io.javalin.Javalin - JAVALIN REQUEST DEBUG LOG:
Request: POST [/api/v1/auth/login/]
    Matching endpoint-handlers: java.util.stream.ReferencePipeline$3@5c7bf86a
    Headers: {Accept=*/*, User-Agent=IntelliJ HTTP Client/IntelliJ IDEA 2025.2.4, Host=localhost:7070, Accept-Encoding=br, deflate, gzip, x-gzip, Content-Length=53, Content-Type=application/json}
    Cookies: {}
    Body: {
  "username": "Philip",
  "password": "pass12345"
}
    QueryString: null
    QueryParams: {}
    FormParams: {}
Response: [200 OK], execution took 279.67 ms
    Headers: {Access-Control-Allow-Origin=*, Access-Control-Allow-Methods=GET, POST, PUT, PATCH, DELETE, OPTIONS, Access-Control-Allow-Credentials=true, Date=Thu, 30 Oct 2025 12:44:01 GMT, Access-Control-Allow-Headers=Content-Type, Authorization, Content-Type=application/json}
    Body is 213 bytes (starts on next line):
    {"Token":"eyJhbGciOiJIUzI1NiJ9.eyJpc3MiOiJwaGlsaXAxOTkzIiwic3ViIjoiUGhpbGlwIiwiZXhwIjoxNzYxODMwMDQxLCJyb2xlcyI6IlVzZXIiLCJ1c2VybmFtZSI6IlBoaWxpcCJ9.Noq0Vr-3vXNqkxBpWF-9m6ervh_RLfSdyoEQE0LlWVs","username":"Philip"}
----------------------------------------------------------------------------------
2025-10-30 13:44:09 [INFO] io.javalin.Javalin - JAVALIN REQUEST DEBUG LOG:
Request: POST [/api/v1/auth/login/]
    Matching endpoint-handlers: java.util.stream.ReferencePipeline$3@38ac7d89
    Headers: {Accept=*/*, User-Agent=IntelliJ HTTP Client/IntelliJ IDEA 2025.2.4, Host=localhost:7070, Accept-Encoding=br, deflate, gzip, x-gzip, Content-Length=58, Content-Type=application/json}
    Cookies: {}
    Body: {
  "username": "PhilipAdmin",
  "password": "pass12345"
}
    QueryString: null
    QueryParams: {}
    FormParams: {}
Response: [200 OK], execution took 73.17 ms
    Headers: {Access-Control-Allow-Origin=*, Access-Control-Allow-Methods=GET, POST, PUT, PATCH, DELETE, OPTIONS, Access-Control-Allow-Credentials=true, Date=Thu, 30 Oct 2025 12:44:09 GMT, Access-Control-Allow-Headers=Content-Type, Authorization, Content-Type=application/json}
    Body is 233 bytes (starts on next line):
    {"Token":"eyJhbGciOiJIUzI1NiJ9.eyJpc3MiOiJwaGlsaXAxOTkzIiwic3ViIjoiUGhpbGlwQWRtaW4iLCJleHAiOjE3NjE4MzAwNDksInJvbGVzIjoiQWRtaW4iLCJ1c2VybmFtZSI6IlBoaWxpcEFkbWluIn0.nqFfkVnM1rol6dDDv4bgzMJ_PnbxQ5xFWQ0yW78C-IA","username":"PhilipAdmin"}
----------------------------------------------------------------------------------
2025-10-30 13:44:13 [INFO] io.javalin.Javalin - JAVALIN REQUEST DEBUG LOG:
Request: POST [/api/v1/auth/login/]
    Matching endpoint-handlers: java.util.stream.ReferencePipeline$3@699d957
    Headers: {Accept=*/*, User-Agent=IntelliJ HTTP Client/IntelliJ IDEA 2025.2.4, Host=localhost:7070, Accept-Encoding=br, deflate, gzip, x-gzip, Content-Length=53, Content-Type=application/json}
    Cookies: {}
    Body: {
  "username": "Philip",
  "password": "pass12345"
}
    QueryString: null
    QueryParams: {}
    FormParams: {}
Response: [200 OK], execution took 71.81 ms
    Headers: {Access-Control-Allow-Origin=*, Access-Control-Allow-Methods=GET, POST, PUT, PATCH, DELETE, OPTIONS, Access-Control-Allow-Credentials=true, Date=Thu, 30 Oct 2025 12:44:13 GMT, Access-Control-Allow-Headers=Content-Type, Authorization, Content-Type=application/json}
    Body is 213 bytes (starts on next line):
    {"Token":"eyJhbGciOiJIUzI1NiJ9.eyJpc3MiOiJwaGlsaXAxOTkzIiwic3ViIjoiUGhpbGlwIiwiZXhwIjoxNzYxODMwMDUzLCJyb2xlcyI6IlVzZXIiLCJ1c2VybmFtZSI6IlBoaWxpcCJ9.syCAG69wyJGdu9MHKKeSZbY9cfEwHaHOGKGWcx-hHxM","username":"Philip"}
----------------------------------------------------------------------------------
2025-10-30 13:44:16 [WARN] o.h.e.jdbc.spi.SqlExceptionHelper - SQL Error: 0, SQLState: 23505
2025-10-30 13:44:16 [ERROR] o.h.e.jdbc.spi.SqlExceptionHelper - ERROR: duplicate key value violates unique constraint "users_pkey"
  Detail: Key (user_name)=(Philip) already exists.
2025-10-30 13:44:16 [ERROR] app.config.ApplicationConfig - An exception occurred
org.hibernate.exception.ConstraintViolationException: could not execute statement [ERROR: duplicate key value violates unique constraint "users_pkey"
  Detail: Key (user_name)=(Philip) already exists.] [insert into users (password,user_name) values (?,?)]
	at org.hibernate.exception.internal.SQLStateConversionDelegate.convert(SQLStateConversionDelegate.java:95)
	at org.hibernate.exception.internal.StandardSQLExceptionConverter.convert(StandardSQLExceptionConverter.java:56)
	at org.hibernate.engine.jdbc.spi.SqlExceptionHelper.convert(SqlExceptionHelper.java:108)
	at org.hibernate.engine.jdbc.internal.ResultSetReturnImpl.executeUpdate(ResultSetReturnImpl.java:278)
	at org.hibernate.engine.jdbc.mutation.internal.AbstractMutationExecutor.performNonBatchedMutation(AbstractMutationExecutor.java:108)
	at org.hibernate.engine.jdbc.mutation.internal.MutationExecutorSingleNonBatched.performNonBatchedOperations(MutationExecutorSingleNonBatched.java:40)
	at org.hibernate.engine.jdbc.mutation.internal.AbstractMutationExecutor.execute(AbstractMutationExecutor.java:53)
	at org.hibernate.persister.entity.mutation.InsertCoordinator.doStaticInserts(InsertCoordinator.java:170)
	at org.hibernate.persister.entity.mutation.InsertCoordinator.coordinateInsert(InsertCoordinator.java:112)
	at org.hibernate.persister.entity.AbstractEntityPersister.insert(AbstractEntityPersister.java:2742)
	at org.hibernate.action.internal.EntityInsertAction.execute(EntityInsertAction.java:102)
	at org.hibernate.engine.spi.ActionQueue.executeActions(ActionQueue.java:606)
	at org.hibernate.engine.spi.ActionQueue.executeActions(ActionQueue.java:475)
	at org.hibernate.event.internal.AbstractFlushingEventListener.performExecutions(AbstractFlushingEventListener.java:358)
	at org.hibernate.event.internal.DefaultFlushEventListener.onFlush(DefaultFlushEventListener.java:39)
	at org.hibernate.event.service.internal.EventListenerGroupImpl.fireEventOnEachListener(EventListenerGroupImpl.java:127)
	at org.hibernate.internal.SessionImpl.doFlush(SessionImpl.java:1412)
	at org.hibernate.internal.SessionImpl.managedFlush(SessionImpl.java:485)
	at org.hibernate.internal.SessionImpl.flushBeforeTransactionCompletion(SessionImpl.java:2301)
	at org.hibernate.internal.SessionImpl.beforeTransactionCompletion(SessionImpl.java:1966)
	at org.hibernate.engine.jdbc.internal.JdbcCoordinatorImpl.beforeTransactionCompletion(JdbcCoordinatorImpl.java:439)
	at org.hibernate.resource.transaction.backend.jdbc.internal.JdbcResourceLocalTransactionCoordinatorImpl.beforeCompletionCallback(JdbcResourceLocalTransactionCoordinatorImpl.java:169)
	at org.hibernate.resource.transaction.backend.jdbc.internal.JdbcResourceLocalTransactionCoordinatorImpl$TransactionDriverControlImpl.commit(JdbcResourceLocalTransactionCoordinatorImpl.java:267)
	at org.hibernate.engine.transaction.internal.TransactionImpl.commit(TransactionImpl.java:101)
	at app.security.SecurityDAO.createUser(SecurityDAO.java:44)
	at app.security.SecurityController.lambda$register$1(SecurityController.java:67)
	at io.javalin.router.Endpoint.handle(Endpoint.kt:52)
	at io.javalin.router.ParsedEndpoint.handle(ParsedEndpoint.kt:15)
	at io.javalin.http.servlet.DefaultTasks.HTTP$lambda$9$lambda$7$lambda$6(DefaultTasks.kt:52)
	at io.javalin.http.servlet.JavalinServlet.handleTask(JavalinServlet.kt:99)
	at io.javalin.http.servlet.JavalinServlet.handleSync(JavalinServlet.kt:64)
	at io.javalin.http.servlet.JavalinServlet.handle(JavalinServlet.kt:50)
	at io.javalin.http.servlet.JavalinServlet.service(JavalinServlet.kt:30)
	at jakarta.servlet.http.HttpServlet.service(HttpServlet.java:587)
	at io.javalin.jetty.JavalinJettyServlet.service(JavalinJettyServlet.kt:52)
	at jakarta.servlet.http.HttpServlet.service(HttpServlet.java:587)
	at org.eclipse.jetty.servlet.ServletHolder.handle(ServletHolder.java:764)
	at org.eclipse.jetty.servlet.ServletHandler.doHandle(ServletHandler.java:529)
	at org.eclipse.jetty.server.handler.ScopedHandler.nextHandle(ScopedHandler.java:221)
	at org.eclipse.jetty.server.session.SessionHandler.doHandle(SessionHandler.java:1580)
	at org.eclipse.jetty.server.handler.ScopedHandler.nextHandle(ScopedHandler.java:221)
	at org.eclipse.jetty.server.handler.ContextHandler.doHandle(ContextHandler.java:1381)
	at org.eclipse.jetty.server.handler.ScopedHandler.nextScope(ScopedHandler.java:176)
	at org.eclipse.jetty.servlet.ServletHandler.doScope(ServletHandler.java:484)
	at org.eclipse.jetty.server.session.SessionHandler.doScope(SessionHandler.java:1553)
	at org.eclipse.jetty.server.handler.ScopedHandler.nextScope(ScopedHandler.java:174)
	at org.eclipse.jetty.server.handler.ContextHandler.doScope(ContextHandler.java:1303)
	at org.eclipse.jetty.server.handler.ScopedHandler.handle(ScopedHandler.java:129)
	at org.eclipse.jetty.server.handler.StatisticsHandler.handle(StatisticsHandler.java:173)
	at org.eclipse.jetty.server.handler.HandlerWrapper.handle(HandlerWrapper.java:122)
	at org.eclipse.jetty.server.Server.handle(Server.java:563)
	at org.eclipse.jetty.server.HttpChannel$RequestDispatchable.dispatch(HttpChannel.java:1598)
	at org.eclipse.jetty.server.HttpChannel.dispatch(HttpChannel.java:753)
	at org.eclipse.jetty.server.HttpChannel.handle(HttpChannel.java:501)
	at org.eclipse.jetty.server.HttpConnection.onFillable(HttpConnection.java:287)
	at org.eclipse.jetty.io.AbstractConnection$ReadCallback.succeeded(AbstractConnection.java:314)
	at org.eclipse.jetty.io.FillInterest.fillable(FillInterest.java:100)
	at org.eclipse.jetty.io.SelectableChannelEndPoint$1.run(SelectableChannelEndPoint.java:53)
	at org.eclipse.jetty.util.thread.strategy.AdaptiveExecutionStrategy.runTask(AdaptiveExecutionStrategy.java:421)
	at org.eclipse.jetty.util.thread.strategy.AdaptiveExecutionStrategy.consumeTask(AdaptiveExecutionStrategy.java:390)
	at org.eclipse.jetty.util.thread.strategy.AdaptiveExecutionStrategy.tryProduce(AdaptiveExecutionStrategy.java:277)
	at org.eclipse.jetty.util.thread.strategy.AdaptiveExecutionStrategy.produce(AdaptiveExecutionStrategy.java:193)
	at org.eclipse.jetty.util.thread.QueuedThreadPool.runJob(QueuedThreadPool.java:969)
	at org.eclipse.jetty.util.thread.QueuedThreadPool$Runner.doRunJob(QueuedThreadPool.java:1194)
	at org.eclipse.jetty.util.thread.QueuedThreadPool$Runner.run(QueuedThreadPool.java:1149)
	at java.base/java.lang.Thread.run(Thread.java:840)
Caused by: org.postgresql.util.PSQLException: ERROR: duplicate key value violates unique constraint "users_pkey"
  Detail: Key (user_name)=(Philip) already exists.
	at org.postgresql.core.v3.QueryExecutorImpl.receiveErrorResponse(QueryExecutorImpl.java:2725)
	at org.postgresql.core.v3.QueryExecutorImpl.processResults(QueryExecutorImpl.java:2412)
	at org.postgresql.core.v3.QueryExecutorImpl.execute(QueryExecutorImpl.java:371)
	at org.postgresql.jdbc.PgStatement.executeInternal(PgStatement.java:502)
	at org.postgresql.jdbc.PgStatement.execute(PgStatement.java:419)
	at org.postgresql.jdbc.PgPreparedStatement.executeWithFlags(PgPreparedStatement.java:194)
	at org.postgresql.jdbc.PgPreparedStatement.executeUpdate(PgPreparedStatement.java:155)
	at org.hibernate.engine.jdbc.internal.ResultSetReturnImpl.executeUpdate(ResultSetReturnImpl.java:275)
	... 62 common frames omitted
2025-10-30 13:44:16 [INFO] io.javalin.Javalin - JAVALIN REQUEST DEBUG LOG:
Request: POST [/api/v1/auth/register/]
    Matching endpoint-handlers: java.util.stream.ReferencePipeline$3@4dde952d
    Headers: {Accept=*/*, User-Agent=IntelliJ HTTP Client/IntelliJ IDEA 2025.2.4, Host=localhost:7070, Accept-Encoding=br, deflate, gzip, x-gzip, Content-Length=53, Content-Type=application/json}
    Cookies: {}
    Body: {
  "username": "Philip",
  "password": "pass12345"
}
    QueryString: null
    QueryParams: {}
    FormParams: {}
Response: [500 Server Error], execution took 110.23 ms
    Headers: {Access-Control-Allow-Origin=*, Access-Control-Allow-Methods=GET, POST, PUT, PATCH, DELETE, OPTIONS, Access-Control-Allow-Credentials=true, Date=Thu, 30 Oct 2025 12:44:16 GMT, Access-Control-Allow-Headers=Content-Type, Authorization, Content-Type=application/json}
    Body is 44 bytes (starts on next line):
    {"status":500,"msg":"Internal server error"}
----------------------------------------------------------------------------------
