2025-11-11 15:47:18 [INFO] org.hibernate.Version - HHH000412: Hibernate ORM core version 6.2.4.Final
2025-11-11 15:47:18 [INFO] org.hibernate.cfg.Environment - HHH000406: Using bytecode reflection optimizer
2025-11-11 15:47:18 [WARN] o.hibernate.orm.connections.pooling - HHH10001002: Using built-in connection pool (not intended for production use)
2025-11-11 15:47:18 [INFO] o.hibernate.orm.connections.pooling - HHH10001005: Loaded JDBC driver class: org.testcontainers.jdbc.ContainerDatabaseDriver
2025-11-11 15:47:18 [INFO] o.hibernate.orm.connections.pooling - HHH10001012: Connecting with JDBC URL [jdbc:tc:postgresql:15.3-alpine3.18:///test_db]
2025-11-11 15:47:18 [INFO] o.hibernate.orm.connections.pooling - HHH10001001: Connection properties: {password=****, user=postgres}
2025-11-11 15:47:18 [INFO] o.hibernate.orm.connections.pooling - HHH10001003: Autocommit mode: false
2025-11-11 15:47:18 [INFO] o.hibernate.orm.connections.pooling - HHH10001115: Connection pool size: 20 (min=1)
2025-11-11 15:47:20 [INFO] tc.testcontainers/ryuk:0.12.0 - Creating container for image: testcontainers/ryuk:0.12.0
2025-11-11 15:47:20 [INFO] tc.testcontainers/ryuk:0.12.0 - Container testcontainers/ryuk:0.12.0 is starting: 4b780bef105fcd7cf1675a35b737c569ce934b45a9a7d34aafe5d71ef9cbeff5
2025-11-11 15:47:21 [INFO] tc.testcontainers/ryuk:0.12.0 - Container testcontainers/ryuk:0.12.0 started in PT1.4343572S
2025-11-11 15:47:21 [INFO] tc.postgres:15.3-alpine3.18 - Creating container for image: postgres:15.3-alpine3.18
2025-11-11 15:47:21 [INFO] tc.postgres:15.3-alpine3.18 - Container postgres:15.3-alpine3.18 is starting: 2cc825fcf6d8d62113709bc6ab066d94d36521ffd2e02b4d7d81f939893cd367
2025-11-11 15:47:25 [INFO] tc.postgres:15.3-alpine3.18 - Container postgres:15.3-alpine3.18 started in PT3.4089243S
2025-11-11 15:47:25 [INFO] tc.postgres:15.3-alpine3.18 - Container is started (JDBC URL: jdbc:postgresql://localhost:55098/test?loggerLevel=OFF)
2025-11-11 15:47:26 [INFO] o.h.b.i.BytecodeProviderInitiator - HHH000021: Bytecode provider name : bytebuddy
2025-11-11 15:47:27 [INFO] o.hibernate.orm.connections.access - HHH10001501: Connection obtained from JdbcConnectionAccess [org.hibernate.engine.jdbc.env.internal.JdbcEnvironmentInitiator$ConnectionProviderJdbcConnectionAccess@175bf9c9] for (non-JTA) DDL execution was not in auto-commit mode; the Connection 'local transaction' will be committed and the Connection will be set into auto-commit mode.
2025-11-11 15:47:27 [WARN] o.h.e.jdbc.spi.SqlExceptionHelper - SQL Warning Code: 0, SQLState: 00000
2025-11-11 15:47:27 [WARN] o.h.e.jdbc.spi.SqlExceptionHelper - relation "candidate_skill" does not exist, skipping
2025-11-11 15:47:27 [WARN] o.h.e.jdbc.spi.SqlExceptionHelper - SQL Warning Code: 0, SQLState: 00000
2025-11-11 15:47:27 [WARN] o.h.e.jdbc.spi.SqlExceptionHelper - relation "candidate_skill" does not exist, skipping
2025-11-11 15:47:27 [WARN] o.h.e.jdbc.spi.SqlExceptionHelper - SQL Warning Code: 0, SQLState: 00000
2025-11-11 15:47:27 [WARN] o.h.e.jdbc.spi.SqlExceptionHelper - relation "user_roles" does not exist, skipping
2025-11-11 15:47:27 [WARN] o.h.e.jdbc.spi.SqlExceptionHelper - SQL Warning Code: 0, SQLState: 00000
2025-11-11 15:47:27 [WARN] o.h.e.jdbc.spi.SqlExceptionHelper - relation "user_roles" does not exist, skipping
2025-11-11 15:47:27 [WARN] o.h.e.jdbc.spi.SqlExceptionHelper - SQL Warning Code: 0, SQLState: 00000
2025-11-11 15:47:27 [WARN] o.h.e.jdbc.spi.SqlExceptionHelper - table "candidate" does not exist, skipping
2025-11-11 15:47:27 [WARN] o.h.e.jdbc.spi.SqlExceptionHelper - SQL Warning Code: 0, SQLState: 00000
2025-11-11 15:47:27 [WARN] o.h.e.jdbc.spi.SqlExceptionHelper - table "candidate_skill" does not exist, skipping
2025-11-11 15:47:27 [WARN] o.h.e.jdbc.spi.SqlExceptionHelper - SQL Warning Code: 0, SQLState: 00000
2025-11-11 15:47:27 [WARN] o.h.e.jdbc.spi.SqlExceptionHelper - table "roles" does not exist, skipping
2025-11-11 15:47:27 [WARN] o.h.e.jdbc.spi.SqlExceptionHelper - SQL Warning Code: 0, SQLState: 00000
2025-11-11 15:47:27 [WARN] o.h.e.jdbc.spi.SqlExceptionHelper - table "skill" does not exist, skipping
2025-11-11 15:47:27 [WARN] o.h.e.jdbc.spi.SqlExceptionHelper - SQL Warning Code: 0, SQLState: 00000
2025-11-11 15:47:27 [WARN] o.h.e.jdbc.spi.SqlExceptionHelper - table "user_roles" does not exist, skipping
2025-11-11 15:47:27 [WARN] o.h.e.jdbc.spi.SqlExceptionHelper - SQL Warning Code: 0, SQLState: 00000
2025-11-11 15:47:27 [WARN] o.h.e.jdbc.spi.SqlExceptionHelper - table "users" does not exist, skipping
2025-11-11 15:47:27 [INFO] o.hibernate.orm.connections.access - HHH10001501: Connection obtained from JdbcConnectionAccess [org.hibernate.engine.jdbc.env.internal.JdbcEnvironmentInitiator$ConnectionProviderJdbcConnectionAccess@dd060be] for (non-JTA) DDL execution was not in auto-commit mode; the Connection 'local transaction' will be committed and the Connection will be set into auto-commit mode.
2025-11-11 15:47:28 [WARN] o.hibernate.orm.connections.pooling - HHH10001002: Using built-in connection pool (not intended for production use)
2025-11-11 15:47:28 [INFO] o.hibernate.orm.connections.pooling - HHH10001005: Loaded JDBC driver class: org.testcontainers.jdbc.ContainerDatabaseDriver
2025-11-11 15:47:28 [INFO] o.hibernate.orm.connections.pooling - HHH10001012: Connecting with JDBC URL [jdbc:tc:postgresql:15.3-alpine3.18:///test_db]
2025-11-11 15:47:28 [INFO] o.hibernate.orm.connections.pooling - HHH10001001: Connection properties: {password=****, user=postgres}
2025-11-11 15:47:28 [INFO] o.hibernate.orm.connections.pooling - HHH10001003: Autocommit mode: false
2025-11-11 15:47:28 [INFO] o.hibernate.orm.connections.pooling - HHH10001115: Connection pool size: 20 (min=1)
2025-11-11 15:47:28 [INFO] o.h.b.i.BytecodeProviderInitiator - HHH000021: Bytecode provider name : bytebuddy
2025-11-11 15:47:28 [INFO] o.hibernate.orm.connections.access - HHH10001501: Connection obtained from JdbcConnectionAccess [org.hibernate.engine.jdbc.env.internal.JdbcEnvironmentInitiator$ConnectionProviderJdbcConnectionAccess@690e4b00] for (non-JTA) DDL execution was not in auto-commit mode; the Connection 'local transaction' will be committed and the Connection will be set into auto-commit mode.
2025-11-11 15:47:28 [INFO] o.hibernate.orm.connections.access - HHH10001501: Connection obtained from JdbcConnectionAccess [org.hibernate.engine.jdbc.env.internal.JdbcEnvironmentInitiator$ConnectionProviderJdbcConnectionAccess@5e3d84a] for (non-JTA) DDL execution was not in auto-commit mode; the Connection 'local transaction' will be committed and the Connection will be set into auto-commit mode.
2025-11-11 15:47:28 [INFO] io.javalin.Javalin - JAVALIN HANDLER REGISTRATION DEBUG LOG: GET[/api/v1/candidates]
2025-11-11 15:47:28 [INFO] io.javalin.Javalin - JAVALIN HANDLER REGISTRATION DEBUG LOG: POST[/api/v1/candidates]
2025-11-11 15:47:28 [INFO] io.javalin.Javalin - JAVALIN HANDLER REGISTRATION DEBUG LOG: GET[/api/v1/candidates/{id}]
2025-11-11 15:47:28 [INFO] io.javalin.Javalin - JAVALIN HANDLER REGISTRATION DEBUG LOG: PUT[/api/v1/candidates/{id}]
2025-11-11 15:47:28 [INFO] io.javalin.Javalin - JAVALIN HANDLER REGISTRATION DEBUG LOG: DELETE[/api/v1/candidates/{id}]
2025-11-11 15:47:28 [INFO] io.javalin.Javalin - JAVALIN HANDLER REGISTRATION DEBUG LOG: PUT[/api/v1/candidates/{candidateId}/skills/{skillId}]
2025-11-11 15:47:28 [INFO] io.javalin.Javalin - JAVALIN HANDLER REGISTRATION DEBUG LOG: DELETE[/api/v1/candidates/{candidateId}/skills/{skillId}]
2025-11-11 15:47:28 [INFO] io.javalin.Javalin - JAVALIN HANDLER REGISTRATION DEBUG LOG: GET[/api/v1/reports/candidates/top-by-popularity]
2025-11-11 15:47:28 [INFO] io.javalin.Javalin - JAVALIN HANDLER REGISTRATION DEBUG LOG: GET[/api/v1/skills]
2025-11-11 15:47:28 [INFO] io.javalin.Javalin - JAVALIN HANDLER REGISTRATION DEBUG LOG: POST[/api/v1/skills]
2025-11-11 15:47:28 [INFO] io.javalin.Javalin - JAVALIN HANDLER REGISTRATION DEBUG LOG: GET[/api/v1/skills/{id}]
2025-11-11 15:47:28 [INFO] io.javalin.Javalin - JAVALIN HANDLER REGISTRATION DEBUG LOG: PUT[/api/v1/skills/{id}]
2025-11-11 15:47:28 [INFO] io.javalin.Javalin - JAVALIN HANDLER REGISTRATION DEBUG LOG: DELETE[/api/v1/skills/{id}]
2025-11-11 15:47:28 [INFO] io.javalin.Javalin - JAVALIN HANDLER REGISTRATION DEBUG LOG: POST[/api/v1/auth/login]
2025-11-11 15:47:28 [INFO] io.javalin.Javalin - JAVALIN HANDLER REGISTRATION DEBUG LOG: POST[/api/v1/auth/register]
2025-11-11 15:47:28 [INFO] io.javalin.Javalin - JAVALIN HANDLER REGISTRATION DEBUG LOG: GET[/api/v1/auth/healthcheck]
2025-11-11 15:47:28 [INFO] io.javalin.Javalin - JAVALIN HANDLER REGISTRATION DEBUG LOG: GET[/api/v1/protected/user_demo]
2025-11-11 15:47:28 [INFO] io.javalin.Javalin - JAVALIN HANDLER REGISTRATION DEBUG LOG: GET[/api/v1/protected/admin_demo]
2025-11-11 15:47:28 [INFO] io.javalin.Javalin - JAVALIN HANDLER REGISTRATION DEBUG LOG: GET[/api/v1/routes]
2025-11-11 15:47:28 [INFO] io.javalin.Javalin - JAVALIN HANDLER REGISTRATION DEBUG LOG: BEFORE_MATCHED[*]
2025-11-11 15:47:28 [INFO] io.javalin.Javalin - JAVALIN HANDLER REGISTRATION DEBUG LOG: BEFORE_MATCHED[*]
2025-11-11 15:47:28 [INFO] io.javalin.Javalin - JAVALIN HANDLER REGISTRATION DEBUG LOG: BEFORE[*]
2025-11-11 15:47:28 [INFO] io.javalin.Javalin - JAVALIN HANDLER REGISTRATION DEBUG LOG: OPTIONS[/api/v1/*]
2025-11-11 15:47:28 [INFO] io.javalin.Javalin - JAVALIN HANDLER REGISTRATION DEBUG LOG: BEFORE_MATCHED[*]
2025-11-11 15:47:28 [INFO] io.javalin.Javalin - JAVALIN HANDLER REGISTRATION DEBUG LOG: BEFORE_MATCHED[*]
2025-11-11 15:47:28 [INFO] io.javalin.Javalin - JAVALIN HANDLER REGISTRATION DEBUG LOG: BEFORE[*]
2025-11-11 15:47:28 [INFO] io.javalin.Javalin - Starting Javalin ...
2025-11-11 15:47:28 [INFO] org.eclipse.jetty.server.Server - jetty-11.0.24; built: 2024-08-26T18:11:22.448Z; git: 5dfc59a691b748796f922208956bd1f2794bcd16; jvm 17.0.17+10-LTS
2025-11-11 15:47:29 [INFO] o.e.j.s.s.DefaultSessionIdManager - Session workerName=node0
2025-11-11 15:47:29 [INFO] o.e.j.server.handler.ContextHandler - Started o.e.j.s.ServletContextHandler@4e826fd4{/api/v1,null,AVAILABLE}
2025-11-11 15:47:29 [INFO] o.e.jetty.server.AbstractConnector - Started ServerConnector@3ea1729e{HTTP/1.1, (http/1.1)}{0.0.0.0:7070}
2025-11-11 15:47:29 [INFO] org.eclipse.jetty.server.Server - Started Server@6f695077{STARTING}[11.0.24,sto=0] @12367ms
2025-11-11 15:47:29 [INFO] io.javalin.Javalin - Javalin started in 359ms \o/
2025-11-11 15:47:29 [INFO] io.javalin.Javalin - Static file handler added: StaticFileConfig(hostedPath=/, directory=/public, location=CLASSPATH, precompress=false, aliasCheck=null, headers={Cache-Control=max-age=0}, skipFileFunction=Function1<jakarta.servlet.http.HttpServletRequest, java.lang.Boolean>, mimeTypes={}). File system location: 'file:///C:/Users/phils/Datamatiker/3.Semester/Backend/Eksamen/EksamenFall2025/ExamFall2025/ExamFall2025/target/classes/public/'
2025-11-11 15:47:29 [INFO] io.javalin.Javalin - Listening on http://localhost:7070/api/v1
2025-11-11 15:47:29 [INFO] io.javalin.Javalin - You are running Javalin 6.4.0 (released December 17, 2024. Your Javalin version is 328 days old. Consider checking for a newer version.).
2025-11-11 15:47:31 [ERROR] app.config.ApplicationConfig - An exception occurred
com.fasterxml.jackson.databind.exc.UnrecognizedPropertyException: Unrecognized field "id" (class app.dtos.CandidateCreateDTO), not marked as ignorable (4 known properties: "education", "name", "phone", "skillIds"])
 at [Source: (String)"{"id":null,"name":"Test Candidate","phone":"+45 11 22 33 44","education":"BSc Testing","skillIds":[]}"; line: 1, column: 11] (through reference chain: app.dtos.CandidateCreateDTO["id"])
	at com.fasterxml.jackson.databind.exc.UnrecognizedPropertyException.from(UnrecognizedPropertyException.java:61)
	at com.fasterxml.jackson.databind.DeserializationContext.handleUnknownProperty(DeserializationContext.java:1138)
	at com.fasterxml.jackson.databind.deser.std.StdDeserializer.handleUnknownProperty(StdDeserializer.java:2224)
	at com.fasterxml.jackson.databind.deser.BeanDeserializerBase.handleUnknownProperty(BeanDeserializerBase.java:1709)
	at com.fasterxml.jackson.databind.deser.BeanDeserializerBase.handleUnknownVanilla(BeanDeserializerBase.java:1687)
	at com.fasterxml.jackson.databind.deser.BeanDeserializer.vanillaDeserialize(BeanDeserializer.java:320)
	at com.fasterxml.jackson.databind.deser.BeanDeserializer.deserialize(BeanDeserializer.java:177)
	at com.fasterxml.jackson.databind.deser.DefaultDeserializationContext.readRootValue(DefaultDeserializationContext.java:323)
	at com.fasterxml.jackson.databind.ObjectMapper._readMapAndClose(ObjectMapper.java:4825)
	at com.fasterxml.jackson.databind.ObjectMapper.readValue(ObjectMapper.java:3772)
	at io.javalin.json.JavalinJackson.fromJsonString(JavalinJackson.kt:66)
	at io.javalin.http.Context.bodyAsClass(Context.kt:153)
	at io.javalin.http.Context.bodyAsClass(Context.kt:158)
	at app.controllers.CandidateController.lambda$create$0(CandidateController.java:24)
	at io.javalin.router.Endpoint.handle(Endpoint.kt:52)
	at io.javalin.router.ParsedEndpoint.handle(ParsedEndpoint.kt:15)
	at io.javalin.http.servlet.DefaultTasks.HTTP$lambda$9$lambda$7$lambda$6(DefaultTasks.kt:52)
	at io.javalin.http.servlet.JavalinServlet.handleTask(JavalinServlet.kt:99)
	at io.javalin.http.servlet.JavalinServlet.handleSync(JavalinServlet.kt:64)
	at io.javalin.http.servlet.JavalinServlet.handle(JavalinServlet.kt:50)
	at io.javalin.http.servlet.JavalinServlet.service(JavalinServlet.kt:30)
	at jakarta.servlet.http.HttpServlet.service(HttpServlet.java:587)
	at io.javalin.jetty.JavalinJettyServlet.service(JavalinJettyServlet.kt:52)
	at jakarta.servlet.http.HttpServlet.service(HttpServlet.java:587)
	at org.eclipse.jetty.servlet.ServletHolder.handle(ServletHolder.java:764)
	at org.eclipse.jetty.servlet.ServletHandler.doHandle(ServletHandler.java:529)
	at org.eclipse.jetty.server.handler.ScopedHandler.nextHandle(ScopedHandler.java:221)
	at org.eclipse.jetty.server.session.SessionHandler.doHandle(SessionHandler.java:1580)
	at org.eclipse.jetty.server.handler.ScopedHandler.nextHandle(ScopedHandler.java:221)
	at org.eclipse.jetty.server.handler.ContextHandler.doHandle(ContextHandler.java:1381)
	at org.eclipse.jetty.server.handler.ScopedHandler.nextScope(ScopedHandler.java:176)
	at org.eclipse.jetty.servlet.ServletHandler.doScope(ServletHandler.java:484)
	at org.eclipse.jetty.server.session.SessionHandler.doScope(SessionHandler.java:1553)
	at org.eclipse.jetty.server.handler.ScopedHandler.nextScope(ScopedHandler.java:174)
	at org.eclipse.jetty.server.handler.ContextHandler.doScope(ContextHandler.java:1303)
	at org.eclipse.jetty.server.handler.ScopedHandler.handle(ScopedHandler.java:129)
	at org.eclipse.jetty.server.handler.StatisticsHandler.handle(StatisticsHandler.java:173)
	at org.eclipse.jetty.server.handler.HandlerWrapper.handle(HandlerWrapper.java:122)
	at org.eclipse.jetty.server.Server.handle(Server.java:563)
	at org.eclipse.jetty.server.HttpChannel$RequestDispatchable.dispatch(HttpChannel.java:1598)
	at org.eclipse.jetty.server.HttpChannel.dispatch(HttpChannel.java:753)
	at org.eclipse.jetty.server.HttpChannel.handle(HttpChannel.java:501)
	at org.eclipse.jetty.server.HttpConnection.onFillable(HttpConnection.java:287)
	at org.eclipse.jetty.io.AbstractConnection$ReadCallback.succeeded(AbstractConnection.java:314)
	at org.eclipse.jetty.io.FillInterest.fillable(FillInterest.java:100)
	at org.eclipse.jetty.io.SelectableChannelEndPoint$1.run(SelectableChannelEndPoint.java:53)
	at org.eclipse.jetty.util.thread.QueuedThreadPool.runJob(QueuedThreadPool.java:969)
	at org.eclipse.jetty.util.thread.QueuedThreadPool$Runner.doRunJob(QueuedThreadPool.java:1194)
	at org.eclipse.jetty.util.thread.QueuedThreadPool$Runner.run(QueuedThreadPool.java:1149)
	at java.base/java.lang.Thread.run(Thread.java:840)
2025-11-11 15:47:31 [INFO] io.javalin.Javalin - JAVALIN REQUEST DEBUG LOG:
Request: POST [/api/v1/candidates]
    Matching endpoint-handlers: java.util.stream.ReferencePipeline$3@6be58a10
    Headers: {Accept=*/*, Connection=keep-alive, User-Agent=Apache-HttpClient/4.5.13 (Java/17.0.17), Host=localhost:7070, Accept-Encoding=gzip,deflate, Content-Length=101, Content-Type=application/json}
    Cookies: {}
    Body: {"id":null,"name":"Test Candidate","phone":"+45 11 22 33 44","education":"BSc Testing","skillIds":[]}
    QueryString: null
    QueryParams: {}
    FormParams: {}
Response: [500 Server Error], execution took 76.88 ms
    Headers: {Access-Control-Allow-Origin=*, Access-Control-Allow-Methods=GET, POST, PUT, PATCH, DELETE, OPTIONS, Access-Control-Allow-Credentials=true, Date=Tue, 11 Nov 2025 14:47:31 GMT, Access-Control-Allow-Headers=Content-Type, Authorization, Content-Type=application/json}
    Body is 44 bytes (starts on next line):
    {"status":500,"msg":"Internal server error"}
----------------------------------------------------------------------------------
2025-11-11 15:47:31 [INFO] io.javalin.Javalin - JAVALIN REQUEST DEBUG LOG:
Request: GET [/api/v1/candidates]
    Matching endpoint-handlers: java.util.stream.ReferencePipeline$3@44efc0b7
    Headers: {Accept=application/json, application/javascript, text/javascript, text/json, Connection=keep-alive, User-Agent=Apache-HttpClient/4.5.13 (Java/17.0.17), Host=localhost:7070, Accept-Encoding=gzip,deflate}
    Cookies: {}
    Body: 
    QueryString: null
    QueryParams: {}
    FormParams: {}
Response: [200 OK], execution took 228.95 ms
    Headers: {Access-Control-Allow-Origin=*, Access-Control-Allow-Methods=GET, POST, PUT, PATCH, DELETE, OPTIONS, Access-Control-Allow-Credentials=true, Date=Tue, 11 Nov 2025 14:47:31 GMT, Access-Control-Allow-Headers=Content-Type, Authorization, Content-Type=application/json}
    Body is 100 bytes (starts on next line):
    [{"id":1,"name":"Test Candidate","phone":"+45 10000000","education":"MSc Testing","skillIds":[1,2]}]
----------------------------------------------------------------------------------
2025-11-11 15:47:33 [INFO] io.javalin.Javalin - JAVALIN REQUEST DEBUG LOG:
Request: GET [/api/v1/candidates]
    Matching endpoint-handlers: java.util.stream.ReferencePipeline$3@22b6c581
    Headers: {Accept=application/json, application/javascript, text/javascript, text/json, Connection=keep-alive, User-Agent=Apache-HttpClient/4.5.13 (Java/17.0.17), Host=localhost:7070, Accept-Encoding=gzip,deflate}
    Cookies: {}
    Body: 
    QueryString: category=PROG_LANG
    QueryParams: {category=[PROG_LANG]}
    FormParams: {}
Response: [200 OK], execution took 80.69 ms
    Headers: {Access-Control-Allow-Origin=*, Access-Control-Allow-Methods=GET, POST, PUT, PATCH, DELETE, OPTIONS, Access-Control-Allow-Credentials=true, Date=Tue, 11 Nov 2025 14:47:33 GMT, Access-Control-Allow-Headers=Content-Type, Authorization, Content-Type=application/json}
    Body is 98 bytes (starts on next line):
    [{"id":1,"name":"Test Candidate","phone":"+45 10000000","education":"MSc Testing","skillIds":[1]}]
----------------------------------------------------------------------------------
2025-11-11 15:47:33 [INFO] o.hibernate.orm.connections.access - HHH10001501: Connection obtained from JdbcConnectionAccess [org.hibernate.engine.jdbc.env.internal.JdbcEnvironmentInitiator$ConnectionProviderJdbcConnectionAccess@530e500c] for (non-JTA) DDL execution was not in auto-commit mode; the Connection 'local transaction' will be committed and the Connection will be set into auto-commit mode.
2025-11-11 15:47:33 [INFO] o.hibernate.orm.connections.pooling - HHH10001008: Cleaning up connection pool [jdbc:tc:postgresql:15.3-alpine3.18:///test_db]
